<?xml version="1.0" encoding="UTF-8"?>
<testsuite name="com.kodilla.stream.array.ArrayOperationsTestSuite" tests="1" skipped="0" failures="0" errors="0" timestamp="2020-06-23T14:18:48" hostname="DESKTOP-CD8GBG4" time="0.011">
  <properties/>
  <testcase name="testGetAverage" classname="com.kodilla.stream.array.ArrayOperationsTestSuite" time="0.011"/>
  <system-out><![CDATA[1
2
3
4
5
6
7
8
9
10
11
12
13
14
15
]]></system-out>
  <system-err><![CDATA[]]></system-err>
</testsuite>
