<?xml version="1.0" encoding="UTF-8"?>
<testsuite name="com.kodilla.stream.forum.world.WorldTestSuite" tests="1" skipped="0" failures="0" errors="0" timestamp="2020-06-23T10:21:48" hostname="DESKTOP-CD8GBG4" time="0.012">
  <properties/>
  <testcase name="testGetPeopleQuantity" classname="com.kodilla.stream.forum.world.WorldTestSuite" time="0.012"/>
  <system-out><![CDATA[]]></system-out>
  <system-err><![CDATA[]]></system-err>
</testsuite>
