<?xml version="1.0" encoding="UTF-8"?>
<testsuite name="com.kodilla.stream.forum.ForumUserTestSuite" tests="2" skipped="0" failures="0" errors="0" timestamp="2020-08-19T14:56:18" hostname="DESKTOP-CD8GBG4" time="0.008">
  <properties/>
  <testcase name="testGetLocationOfFriendsOfFriends" classname="com.kodilla.stream.forum.ForumUserTestSuite" time="0.007"/>
  <testcase name="testGetLocationOfFriends" classname="com.kodilla.stream.forum.ForumUserTestSuite" time="0.001"/>
  <system-out><![CDATA[]]></system-out>
  <system-err><![CDATA[]]></system-err>
</testsuite>
