<?xml version="1.0" encoding="UTF-8"?>
<testsuite name="com.kodilla.spring.forum.ForumUserTestSuite" tests="1" skipped="0" failures="0" errors="0" timestamp="2020-09-07T13:18:16" hostname="DESKTOP-CD8GBG4" time="0.013">
  <properties/>
  <testcase name="testForumUserLoadedContainer" classname="com.kodilla.spring.forum.ForumUserTestSuite" time="0.013"/>
  <system-out><![CDATA[2020-09-07 15:18:16.339  INFO 5072 --- [    Test worker] .b.t.c.SpringBootTestContextBootstrapper : Neither @ContextConfiguration nor @ContextHierarchy found for test class [com.kodilla.spring.forum.ForumUserTestSuite], using SpringBootContextLoader
2020-09-07 15:18:16.342  INFO 5072 --- [    Test worker] o.s.t.c.support.AbstractContextLoader    : Could not detect default resource locations for test class [com.kodilla.spring.forum.ForumUserTestSuite]: no resource found for suffixes {-context.xml, Context.groovy}.
2020-09-07 15:18:16.344  INFO 5072 --- [    Test worker] t.c.s.AnnotationConfigContextLoaderUtils : Could not detect default configuration classes for test class [com.kodilla.spring.forum.ForumUserTestSuite]: ForumUserTestSuite does not declare any static, non-private, non-final, nested classes annotated with @Configuration.
2020-09-07 15:18:16.359  INFO 5072 --- [    Test worker] .b.t.c.SpringBootTestContextBootstrapper : Found @SpringBootConfiguration com.kodilla.spring.SpringRunner for test class com.kodilla.spring.forum.ForumUserTestSuite
2020-09-07 15:18:16.362  INFO 5072 --- [    Test worker] .b.t.c.SpringBootTestContextBootstrapper : Loaded default TestExecutionListener class names from location [META-INF/spring.factories]: [org.springframework.boot.test.autoconfigure.restdocs.RestDocsTestExecutionListener, org.springframework.boot.test.autoconfigure.web.client.MockRestServiceServerResetTestExecutionListener, org.springframework.boot.test.autoconfigure.web.servlet.MockMvcPrintOnlyOnFailureTestExecutionListener, org.springframework.boot.test.autoconfigure.web.servlet.WebDriverTestExecutionListener, org.springframework.boot.test.mock.mockito.MockitoTestExecutionListener, org.springframework.boot.test.mock.mockito.ResetMocksTestExecutionListener, org.springframework.test.context.web.ServletTestExecutionListener, org.springframework.test.context.support.DirtiesContextBeforeModesTestExecutionListener, org.springframework.test.context.support.DependencyInjectionTestExecutionListener, org.springframework.test.context.support.DirtiesContextTestExecutionListener, org.springframework.test.context.transaction.TransactionalTestExecutionListener, org.springframework.test.context.jdbc.SqlScriptsTestExecutionListener, org.springframework.test.context.event.EventPublishingTestExecutionListener]
2020-09-07 15:18:16.364  INFO 5072 --- [    Test worker] .b.t.c.SpringBootTestContextBootstrapper : Using TestExecutionListeners: [org.springframework.test.context.support.DirtiesContextBeforeModesTestExecutionListener@55b1ddcb, org.springframework.boot.test.mock.mockito.MockitoTestExecutionListener@7738d1c6, org.springframework.boot.test.autoconfigure.SpringBootDependencyInjectionTestExecutionListener@2308c23d, org.springframework.test.context.support.DirtiesContextTestExecutionListener@7bf8452a, org.springframework.test.context.event.EventPublishingTestExecutionListener@20fc901b, org.springframework.boot.test.autoconfigure.restdocs.RestDocsTestExecutionListener@11fbc323, org.springframework.boot.test.autoconfigure.web.client.MockRestServiceServerResetTestExecutionListener@7487e20b, org.springframework.boot.test.autoconfigure.web.servlet.MockMvcPrintOnlyOnFailureTestExecutionListener@4def38a4, org.springframework.boot.test.autoconfigure.web.servlet.WebDriverTestExecutionListener@957054a, org.springframework.boot.test.mock.mockito.ResetMocksTestExecutionListener@46fa2d98]
]]></system-out>
  <system-err><![CDATA[]]></system-err>
</testsuite>
