<?xml version="1.0" encoding="UTF-8"?>
<testsuite name="com.kodilla.spring.portfolio.BoardTestSuite" tests="1" skipped="0" failures="0" errors="0" timestamp="2020-08-19T14:56:17" hostname="DESKTOP-CD8GBG4" time="0.007">
  <properties/>
  <testcase name="testAddTask" classname="com.kodilla.spring.portfolio.BoardTestSuite" time="0.007"/>
  <system-out><![CDATA[]]></system-out>
  <system-err><![CDATA[]]></system-err>
</testsuite>
