<?xml version="1.0" encoding="UTF-8"?>
<testsuite name="com.kodilla.spring.forum.ForumUserTestSuite" tests="1" skipped="0" failures="0" errors="0" timestamp="2020-08-19T14:56:16" hostname="DESKTOP-CD8GBG4" time="0.01">
  <properties/>
  <testcase name="testForumUserLoadedContainer" classname="com.kodilla.spring.forum.ForumUserTestSuite" time="0.01"/>
  <system-out><![CDATA[2020-08-19 16:56:16.649  INFO 1840 --- [    Test worker] .b.t.c.SpringBootTestContextBootstrapper : Neither @ContextConfiguration nor @ContextHierarchy found for test class [com.kodilla.spring.forum.ForumUserTestSuite], using SpringBootContextLoader
2020-08-19 16:56:16.650  INFO 1840 --- [    Test worker] o.s.t.c.support.AbstractContextLoader    : Could not detect default resource locations for test class [com.kodilla.spring.forum.ForumUserTestSuite]: no resource found for suffixes {-context.xml, Context.groovy}.
2020-08-19 16:56:16.650  INFO 1840 --- [    Test worker] t.c.s.AnnotationConfigContextLoaderUtils : Could not detect default configuration classes for test class [com.kodilla.spring.forum.ForumUserTestSuite]: ForumUserTestSuite does not declare any static, non-private, non-final, nested classes annotated with @Configuration.
2020-08-19 16:56:16.661  INFO 1840 --- [    Test worker] .b.t.c.SpringBootTestContextBootstrapper : Found @SpringBootConfiguration com.kodilla.spring.SpringRunner for test class com.kodilla.spring.forum.ForumUserTestSuite
2020-08-19 16:56:16.663  INFO 1840 --- [    Test worker] .b.t.c.SpringBootTestContextBootstrapper : Loaded default TestExecutionListener class names from location [META-INF/spring.factories]: [org.springframework.boot.test.autoconfigure.restdocs.RestDocsTestExecutionListener, org.springframework.boot.test.autoconfigure.web.client.MockRestServiceServerResetTestExecutionListener, org.springframework.boot.test.autoconfigure.web.servlet.MockMvcPrintOnlyOnFailureTestExecutionListener, org.springframework.boot.test.autoconfigure.web.servlet.WebDriverTestExecutionListener, org.springframework.boot.test.mock.mockito.MockitoTestExecutionListener, org.springframework.boot.test.mock.mockito.ResetMocksTestExecutionListener, org.springframework.test.context.web.ServletTestExecutionListener, org.springframework.test.context.support.DirtiesContextBeforeModesTestExecutionListener, org.springframework.test.context.support.DependencyInjectionTestExecutionListener, org.springframework.test.context.support.DirtiesContextTestExecutionListener, org.springframework.test.context.transaction.TransactionalTestExecutionListener, org.springframework.test.context.jdbc.SqlScriptsTestExecutionListener, org.springframework.test.context.event.EventPublishingTestExecutionListener]
2020-08-19 16:56:16.665  INFO 1840 --- [    Test worker] .b.t.c.SpringBootTestContextBootstrapper : Using TestExecutionListeners: [org.springframework.test.context.support.DirtiesContextBeforeModesTestExecutionListener@7487e20b, org.springframework.boot.test.mock.mockito.MockitoTestExecutionListener@4def38a4, org.springframework.boot.test.autoconfigure.SpringBootDependencyInjectionTestExecutionListener@957054a, org.springframework.test.context.support.DirtiesContextTestExecutionListener@46fa2d98, org.springframework.test.context.event.EventPublishingTestExecutionListener@da618f6, org.springframework.boot.test.autoconfigure.restdocs.RestDocsTestExecutionListener@39b82bfe, org.springframework.boot.test.autoconfigure.web.client.MockRestServiceServerResetTestExecutionListener@8f404d6, org.springframework.boot.test.autoconfigure.web.servlet.MockMvcPrintOnlyOnFailureTestExecutionListener@1f757ebd, org.springframework.boot.test.autoconfigure.web.servlet.WebDriverTestExecutionListener@2229b40d, org.springframework.boot.test.mock.mockito.ResetMocksTestExecutionListener@5a368c6d]
]]></system-out>
  <system-err><![CDATA[]]></system-err>
</testsuite>
