<?xml version="1.0" encoding="UTF-8"?>
<testsuite name="com.kodilla.testing.collection.CollectionTestSuite" tests="2" skipped="0" failures="0" errors="0" timestamp="2020-05-18T13:10:39" hostname="DESKTOP-CD8GBG4" time="0.009">
  <properties/>
  <testcase name="testOddNumbersExterminatorEmptyList" classname="com.kodilla.testing.collection.CollectionTestSuite" time="0.008"/>
  <testcase name="testOddNumbersExterminatorNormalList" classname="com.kodilla.testing.collection.CollectionTestSuite" time="0.001"/>
  <system-out><![CDATA[Test Case: begin
ArrayList with even numbers size: 0
Test Case: end
Test Case: begin
ArrayList elelment: 3
Even number - stays
ArrayList elelment: 2
Deleting odd number
ArrayList elelment: 1
Even number - stays
ArrayList elelment: 0
Deleting odd number
ArrayList with even numbers size: 2
Test Case: end
]]></system-out>
  <system-err><![CDATA[]]></system-err>
</testsuite>
