<?xml version="1.0" encoding="UTF-8"?>
<testsuite name="com.kodilla.testing.shape.ShapeCollectorTestSuite" tests="6" skipped="0" failures="0" errors="0" timestamp="2020-06-04T10:56:13" hostname="DESKTOP-CD8GBG4" time="0.007">
  <properties/>
  <testcase name="testShowFigures" classname="com.kodilla.testing.shape.ShapeCollectorTestSuite" time="0.004"/>
  <testcase name="testRemoveFigure" classname="com.kodilla.testing.shape.ShapeCollectorTestSuite" time="0.001"/>
  <testcase name="testAddFigure" classname="com.kodilla.testing.shape.ShapeCollectorTestSuite" time="0.0"/>
  <testcase name="testGetFigure" classname="com.kodilla.testing.shape.ShapeCollectorTestSuite" time="0.001"/>
  <testcase name="testShowFiguresNotExisting" classname="com.kodilla.testing.shape.ShapeCollectorTestSuite" time="0.0"/>
  <testcase name="testRemoveFigureNotExisting" classname="com.kodilla.testing.shape.ShapeCollectorTestSuite" time="0.0"/>
  <system-out><![CDATA[This is the begining of tests.
Preeparing to execute test#1
com.kodilla.testing.shape.Circle@d1244383
com.kodilla.testing.shape.Triangle@479d8447
com.kodilla.testing.shape.Square@2e1b6263
Preeparing to execute test#2
Preeparing to execute test#3
Preeparing to execute test#4
Preeparing to execute test#5
Preeparing to execute test#6
All test are finished
]]></system-out>
  <system-err><![CDATA[]]></system-err>
</testsuite>
