<?xml version="1.0" encoding="UTF-8"?>
<testsuite name="com.kodilla.hibernate.manytomany.facade.SearchFacadeTestSuite" tests="2" skipped="0" failures="0" errors="0" timestamp="2020-12-02T14:22:38" hostname="DESKTOP-CD8GBG4" time="0.364">
  <properties/>
  <testcase name="testSearchEmployeeFacade" classname="com.kodilla.hibernate.manytomany.facade.SearchFacadeTestSuite" time="0.332"/>
  <testcase name="testSearchCompanyFacade" classname="com.kodilla.hibernate.manytomany.facade.SearchFacadeTestSuite" time="0.031"/>
  <system-out><![CDATA[15:22:30.484 [Test worker] DEBUG org.springframework.test.context.junit4.SpringJUnit4ClassRunner - SpringJUnit4ClassRunner constructor called with [class com.kodilla.hibernate.manytomany.facade.SearchFacadeTestSuite]
15:22:30.495 [Test worker] DEBUG org.springframework.test.context.BootstrapUtils - Instantiating CacheAwareContextLoaderDelegate from class [org.springframework.test.context.cache.DefaultCacheAwareContextLoaderDelegate]
15:22:30.512 [Test worker] DEBUG org.springframework.test.context.BootstrapUtils - Instantiating BootstrapContext using constructor [public org.springframework.test.context.support.DefaultBootstrapContext(java.lang.Class,org.springframework.test.context.CacheAwareContextLoaderDelegate)]
15:22:30.574 [Test worker] DEBUG org.springframework.test.context.BootstrapUtils - Instantiating TestContextBootstrapper for test class [com.kodilla.hibernate.manytomany.facade.SearchFacadeTestSuite] from class [org.springframework.boot.test.context.SpringBootTestContextBootstrapper]
15:22:30.599 [Test worker] INFO org.springframework.boot.test.context.SpringBootTestContextBootstrapper - Neither @ContextConfiguration nor @ContextHierarchy found for test class [com.kodilla.hibernate.manytomany.facade.SearchFacadeTestSuite], using SpringBootContextLoader
15:22:30.606 [Test worker] DEBUG org.springframework.test.context.support.AbstractContextLoader - Did not detect default resource location for test class [com.kodilla.hibernate.manytomany.facade.SearchFacadeTestSuite]: class path resource [com/kodilla/hibernate/manytomany/facade/SearchFacadeTestSuite-context.xml] does not exist
15:22:30.607 [Test worker] DEBUG org.springframework.test.context.support.AbstractContextLoader - Did not detect default resource location for test class [com.kodilla.hibernate.manytomany.facade.SearchFacadeTestSuite]: class path resource [com/kodilla/hibernate/manytomany/facade/SearchFacadeTestSuiteContext.groovy] does not exist
15:22:30.608 [Test worker] INFO org.springframework.test.context.support.AbstractContextLoader - Could not detect default resource locations for test class [com.kodilla.hibernate.manytomany.facade.SearchFacadeTestSuite]: no resource found for suffixes {-context.xml, Context.groovy}.
15:22:30.609 [Test worker] INFO org.springframework.test.context.support.AnnotationConfigContextLoaderUtils - Could not detect default configuration classes for test class [com.kodilla.hibernate.manytomany.facade.SearchFacadeTestSuite]: SearchFacadeTestSuite does not declare any static, non-private, non-final, nested classes annotated with @Configuration.
15:22:30.692 [Test worker] DEBUG org.springframework.test.context.support.ActiveProfilesUtils - Could not find an 'annotation declaring class' for annotation type [org.springframework.test.context.ActiveProfiles] and class [com.kodilla.hibernate.manytomany.facade.SearchFacadeTestSuite]
15:22:30.820 [Test worker] DEBUG org.springframework.context.annotation.ClassPathScanningCandidateComponentProvider - Identified candidate component class: file [C:\kodilla-course\kodilla-hibernate\build\classes\java\main\com\kodilla\hibernate\KodillaHibernateApplication.class]
15:22:30.822 [Test worker] INFO org.springframework.boot.test.context.SpringBootTestContextBootstrapper - Found @SpringBootConfiguration com.kodilla.hibernate.KodillaHibernateApplication for test class com.kodilla.hibernate.manytomany.facade.SearchFacadeTestSuite
15:22:30.981 [Test worker] DEBUG org.springframework.boot.test.context.SpringBootTestContextBootstrapper - @TestExecutionListeners is not present for class [com.kodilla.hibernate.manytomany.facade.SearchFacadeTestSuite]: using defaults.
15:22:30.982 [Test worker] INFO org.springframework.boot.test.context.SpringBootTestContextBootstrapper - Loaded default TestExecutionListener class names from location [META-INF/spring.factories]: [org.springframework.boot.test.autoconfigure.restdocs.RestDocsTestExecutionListener, org.springframework.boot.test.autoconfigure.web.client.MockRestServiceServerResetTestExecutionListener, org.springframework.boot.test.autoconfigure.web.servlet.MockMvcPrintOnlyOnFailureTestExecutionListener, org.springframework.boot.test.autoconfigure.web.servlet.WebDriverTestExecutionListener, org.springframework.boot.test.mock.mockito.MockitoTestExecutionListener, org.springframework.boot.test.mock.mockito.ResetMocksTestExecutionListener, org.springframework.test.context.web.ServletTestExecutionListener, org.springframework.test.context.support.DirtiesContextBeforeModesTestExecutionListener, org.springframework.test.context.support.DependencyInjectionTestExecutionListener, org.springframework.test.context.support.DirtiesContextTestExecutionListener, org.springframework.test.context.transaction.TransactionalTestExecutionListener, org.springframework.test.context.jdbc.SqlScriptsTestExecutionListener, org.springframework.test.context.event.EventPublishingTestExecutionListener]
15:22:30.999 [Test worker] DEBUG org.springframework.boot.test.context.SpringBootTestContextBootstrapper - Skipping candidate TestExecutionListener [org.springframework.test.context.web.ServletTestExecutionListener] due to a missing dependency. Specify custom listener classes or make the default listener classes and their required dependencies available. Offending class: [javax/servlet/ServletContext]
15:22:31.011 [Test worker] INFO org.springframework.boot.test.context.SpringBootTestContextBootstrapper - Using TestExecutionListeners: [org.springframework.test.context.support.DirtiesContextBeforeModesTestExecutionListener@49b492e9, org.springframework.boot.test.mock.mockito.MockitoTestExecutionListener@2f1d005, org.springframework.boot.test.autoconfigure.SpringBootDependencyInjectionTestExecutionListener@2b95fda3, org.springframework.test.context.support.DirtiesContextTestExecutionListener@39200511, org.springframework.test.context.transaction.TransactionalTestExecutionListener@54eefb06, org.springframework.test.context.jdbc.SqlScriptsTestExecutionListener@58136866, org.springframework.test.context.event.EventPublishingTestExecutionListener@5c6ffe22, org.springframework.boot.test.autoconfigure.restdocs.RestDocsTestExecutionListener@655e7033, org.springframework.boot.test.autoconfigure.web.client.MockRestServiceServerResetTestExecutionListener@46cb8155, org.springframework.boot.test.autoconfigure.web.servlet.MockMvcPrintOnlyOnFailureTestExecutionListener@55891b2, org.springframework.boot.test.autoconfigure.web.servlet.WebDriverTestExecutionListener@26e5e1d5, org.springframework.boot.test.mock.mockito.ResetMocksTestExecutionListener@30acd2d2]
15:22:31.016 [Test worker] DEBUG org.springframework.test.annotation.ProfileValueUtils - Retrieved @ProfileValueSourceConfiguration [null] for test class [com.kodilla.hibernate.manytomany.facade.SearchFacadeTestSuite]
15:22:31.017 [Test worker] DEBUG org.springframework.test.annotation.ProfileValueUtils - Retrieved ProfileValueSource type [class org.springframework.test.annotation.SystemProfileValueSource] for class [com.kodilla.hibernate.manytomany.facade.SearchFacadeTestSuite]
15:22:31.019 [Test worker] DEBUG org.springframework.test.annotation.ProfileValueUtils - Retrieved @ProfileValueSourceConfiguration [null] for test class [com.kodilla.hibernate.manytomany.facade.SearchFacadeTestSuite]
15:22:31.019 [Test worker] DEBUG org.springframework.test.annotation.ProfileValueUtils - Retrieved ProfileValueSource type [class org.springframework.test.annotation.SystemProfileValueSource] for class [com.kodilla.hibernate.manytomany.facade.SearchFacadeTestSuite]
15:22:31.020 [Test worker] DEBUG org.springframework.test.annotation.ProfileValueUtils - Retrieved @ProfileValueSourceConfiguration [null] for test class [com.kodilla.hibernate.manytomany.facade.SearchFacadeTestSuite]
15:22:31.021 [Test worker] DEBUG org.springframework.test.annotation.ProfileValueUtils - Retrieved ProfileValueSource type [class org.springframework.test.annotation.SystemProfileValueSource] for class [com.kodilla.hibernate.manytomany.facade.SearchFacadeTestSuite]
15:22:31.026 [Test worker] DEBUG org.springframework.test.context.support.AbstractDirtiesContextTestExecutionListener - Before test class: context [DefaultTestContext@2dba1101 testClass = SearchFacadeTestSuite, testInstance = [null], testMethod = [null], testException = [null], mergedContextConfiguration = [MergedContextConfiguration@38a09d53 testClass = SearchFacadeTestSuite, locations = '{}', classes = '{class com.kodilla.hibernate.KodillaHibernateApplication}', contextInitializerClasses = '[]', activeProfiles = '{}', propertySourceLocations = '{}', propertySourceProperties = '{org.springframework.boot.test.context.SpringBootTestContextBootstrapper=true}', contextCustomizers = set[org.springframework.boot.test.autoconfigure.properties.PropertyMappingContextCustomizer@0, org.springframework.boot.test.autoconfigure.web.servlet.WebDriverContextCustomizerFactory$Customizer@6721b883, org.springframework.boot.test.context.filter.ExcludeFilterContextCustomizer@3dfa755f, org.springframework.boot.test.json.DuplicateJsonObjectContextCustomizerFactory$DuplicateJsonObjectContextCustomizer@5862d677, org.springframework.boot.test.mock.mockito.MockitoContextCustomizer@0, org.springframework.boot.test.web.client.TestRestTemplateContextCustomizer@185f2a27], contextLoader = 'org.springframework.boot.test.context.SpringBootContextLoader', parent = [null]], attributes = map[[empty]]], class annotated with @DirtiesContext [false] with mode [null].
15:22:31.029 [Test worker] DEBUG org.springframework.test.annotation.ProfileValueUtils - Retrieved @ProfileValueSourceConfiguration [null] for test class [com.kodilla.hibernate.manytomany.facade.SearchFacadeTestSuite]
15:22:31.029 [Test worker] DEBUG org.springframework.test.annotation.ProfileValueUtils - Retrieved ProfileValueSource type [class org.springframework.test.annotation.SystemProfileValueSource] for class [com.kodilla.hibernate.manytomany.facade.SearchFacadeTestSuite]
15:22:31.036 [Test worker] DEBUG org.springframework.test.context.support.DependencyInjectionTestExecutionListener - Performing dependency injection for test context [[DefaultTestContext@2dba1101 testClass = SearchFacadeTestSuite, testInstance = com.kodilla.hibernate.manytomany.facade.SearchFacadeTestSuite@2a12b86e, testMethod = [null], testException = [null], mergedContextConfiguration = [MergedContextConfiguration@38a09d53 testClass = SearchFacadeTestSuite, locations = '{}', classes = '{class com.kodilla.hibernate.KodillaHibernateApplication}', contextInitializerClasses = '[]', activeProfiles = '{}', propertySourceLocations = '{}', propertySourceProperties = '{org.springframework.boot.test.context.SpringBootTestContextBootstrapper=true}', contextCustomizers = set[org.springframework.boot.test.autoconfigure.properties.PropertyMappingContextCustomizer@0, org.springframework.boot.test.autoconfigure.web.servlet.WebDriverContextCustomizerFactory$Customizer@6721b883, org.springframework.boot.test.context.filter.ExcludeFilterContextCustomizer@3dfa755f, org.springframework.boot.test.json.DuplicateJsonObjectContextCustomizerFactory$DuplicateJsonObjectContextCustomizer@5862d677, org.springframework.boot.test.mock.mockito.MockitoContextCustomizer@0, org.springframework.boot.test.web.client.TestRestTemplateContextCustomizer@185f2a27], contextLoader = 'org.springframework.boot.test.context.SpringBootContextLoader', parent = [null]], attributes = map[[empty]]]].
15:22:31.061 [Test worker] DEBUG org.springframework.test.context.support.TestPropertySourceUtils - Adding inlined properties to environment: {spring.jmx.enabled=false, org.springframework.boot.test.context.SpringBootTestContextBootstrapper=true, server.port=-1}

  .   ____          _            __ _ _
 /\\ / ___'_ __ _ _(_)_ __  __ _ \ \ \ \
( ( )\___ | '_ | '_| | '_ \/ _` | \ \ \ \
 \\/  ___)| |_)| | | | | || (_| |  ) ) ) )
  '  |____| .__|_| |_|_| |_\__, | / / / /
 =========|_|==============|___/=/_/_/_/
 :: Spring Boot ::        (v2.2.6.RELEASE)

2020-12-02 15:22:31.495  INFO 4240 --- [    Test worker] c.k.h.m.facade.SearchFacadeTestSuite     : Starting SearchFacadeTestSuite on DESKTOP-CD8GBG4 with PID 4240 (started by Admin in C:\kodilla-course\kodilla-hibernate)
2020-12-02 15:22:31.497  INFO 4240 --- [    Test worker] c.k.h.m.facade.SearchFacadeTestSuite     : No active profile set, falling back to default profiles: default
2020-12-02 15:22:32.253  INFO 4240 --- [    Test worker] .s.d.r.c.RepositoryConfigurationDelegate : Bootstrapping Spring Data JPA repositories in DEFAULT mode.
2020-12-02 15:22:32.385  INFO 4240 --- [    Test worker] .s.d.r.c.RepositoryConfigurationDelegate : Finished Spring Data repository scanning in 118ms. Found 8 JPA repository interfaces.
2020-12-02 15:22:33.091  INFO 4240 --- [    Test worker] o.hibernate.jpa.internal.util.LogHelper  : HHH000204: Processing PersistenceUnitInfo [name: default]
2020-12-02 15:22:33.178  INFO 4240 --- [    Test worker] org.hibernate.Version                    : HHH000412: Hibernate ORM core version 5.4.12.Final
2020-12-02 15:22:33.395  INFO 4240 --- [    Test worker] o.hibernate.annotations.common.Version   : HCANN000001: Hibernate Commons Annotations {5.1.0.Final}
2020-12-02 15:22:33.553  INFO 4240 --- [    Test worker] com.zaxxer.hikari.HikariDataSource       : HikariPool-1 - Starting...
2020-12-02 15:22:33.803  INFO 4240 --- [    Test worker] com.zaxxer.hikari.HikariDataSource       : HikariPool-1 - Start completed.
2020-12-02 15:22:33.825  INFO 4240 --- [    Test worker] org.hibernate.dialect.Dialect            : HHH000400: Using dialect: org.hibernate.dialect.MySQL5Dialect
Hibernate: alter table item add constraint FKfk1ol4trn6i72renhjm2x79mo foreign key (invoice_id) references invoice (id)
Hibernate: alter table item add constraint FKd1g72rrhgq1sf7m4uwfvuhlhe foreign key (product_id) references product (id)
Hibernate: alter table join_company_employee add constraint FK8qv4sbf5gudy2g20lbjoknvsy foreign key (company_id) references companies (company_id)
Hibernate: alter table join_company_employee add constraint FKhyidh70ikigdnt5yqddpn795y foreign key (employee_id) references employees (employee_id)
Hibernate: alter table tasks add constraint FKse9w7un83aq87vhujnxykg42u foreign key (task_financials_id) references task_finncials (id)
Hibernate: alter table tasks add constraint FKprm86x994fojxdcimjsnmjymp foreign key (tasklist_id) references tasklist (id)
2020-12-02 15:22:37.255  INFO 4240 --- [    Test worker] o.h.e.t.j.p.i.JtaPlatformInitiator       : HHH000490: Using JtaPlatform implementation: [org.hibernate.engine.transaction.jta.platform.internal.NoJtaPlatform]
2020-12-02 15:22:37.482  INFO 4240 --- [    Test worker] j.LocalContainerEntityManagerFactoryBean : Initialized JPA EntityManagerFactory for persistence unit 'default'
2020-12-02 15:22:38.393  INFO 4240 --- [    Test worker] c.k.h.m.facade.SearchFacadeTestSuite     : Started SearchFacadeTestSuite in 7.329 seconds (JVM running for 9.021)
Hibernate: select next_val as id_val from hibernate_sequence for update
Hibernate: update hibernate_sequence set next_val= ? where next_val=?
Hibernate: select next_val as id_val from hibernate_sequence for update
Hibernate: update hibernate_sequence set next_val= ? where next_val=?
Hibernate: insert into employees (firstname, lastname, employee_id) values (?, ?, ?)
Hibernate: insert into companies (company_name, company_id) values (?, ?)
Hibernate: insert into join_company_employee (employee_id, company_id) values (?, ?)
2020-12-02 15:22:38.697  INFO 4240 --- [    Test worker] c.k.h.manytomany.facade.SearchFacade     : Searching for phrases for Employee Stef
2020-12-02 15:22:38.697  INFO 4240 --- [    Test worker] c.k.h.manytomany.facade.SearchFacade     : OK. Registering a new search phrase
Hibernate: select employee0_.employee_id as employee1_1_, employee0_.firstname as firstnam2_1_, employee0_.lastname as lastname3_1_ from employees employee0_ where employee0_.firstname like concat('%', ?, '%') or employee0_.lastname like concat('%', ?, '%')
2020-12-02 15:22:38.729  INFO 4240 --- [    Test worker] c.k.h.manytomany.facade.SearchFacade     : ID: [com.kodilla.hibernate.manytomany.Employee@4f350d53]
2020-12-02 15:22:38.729  INFO 4240 --- [    Test worker] c.k.h.manytomany.facade.SearchFacade     : List of matching phrases: 
2020-12-02 15:22:38.729  INFO 4240 --- [    Test worker] c.k.h.manytomany.facade.SearchFacade     : ID: 155, Employee: Stefan Rudy
2020-12-02 15:22:38.729  INFO 4240 --- [    Test worker] c.k.h.manytomany.facade.SearchFacade     : Everything is fine
Hibernate: select next_val as id_val from hibernate_sequence for update
Hibernate: update hibernate_sequence set next_val= ? where next_val=?
Hibernate: select next_val as id_val from hibernate_sequence for update
Hibernate: update hibernate_sequence set next_val= ? where next_val=?
Hibernate: insert into employees (firstname, lastname, employee_id) values (?, ?, ?)
Hibernate: insert into companies (company_name, company_id) values (?, ?)
Hibernate: insert into join_company_employee (employee_id, company_id) values (?, ?)
2020-12-02 15:22:38.760  INFO 4240 --- [    Test worker] c.k.h.manytomany.facade.SearchFacade     : Searching according to: Walc
2020-12-02 15:22:38.760  INFO 4240 --- [    Test worker] c.k.h.manytomany.facade.SearchFacade     : OK. Registering a new search phrase
Hibernate: select company0_.company_id as company_1_0_, company0_.company_name as company_2_0_ from companies company0_ where company_name like concat('%', ?, '%')
2020-12-02 15:22:38.767  INFO 4240 --- [    Test worker] c.k.h.manytomany.facade.SearchFacade     : List of matching phrases: 
2020-12-02 15:22:38.768  INFO 4240 --- [    Test worker] c.k.h.manytomany.facade.SearchFacade     : ID: 158 , Company: Walcownia
2020-12-02 15:22:38.768  INFO 4240 --- [    Test worker] c.k.h.manytomany.facade.SearchFacade     : ID: 156 , Company: Walcownia
2020-12-02 15:22:38.768  INFO 4240 --- [    Test worker] c.k.h.manytomany.facade.SearchFacade     : Searching OK
]]></system-out>
  <system-err><![CDATA[]]></system-err>
</testsuite>
