<?xml version="1.0" encoding="UTF-8"?>
<testsuite name="com.kodilla.patterns.strategy.social.UserTestSuite" tests="2" skipped="0" failures="0" errors="0" timestamp="2020-08-25T12:38:35" hostname="DESKTOP-CD8GBG4" time="0.006">
  <properties/>
  <testcase name="testDefaultSharingStrategies" classname="com.kodilla.patterns.strategy.social.UserTestSuite" time="0.006"/>
  <testcase name="testIndividualSharingStrategy" classname="com.kodilla.patterns.strategy.social.UserTestSuite" time="0.0"/>
  <system-out><![CDATA[Mark is Sharing by Facebook
John is Sharing by Twitter
Jessica is Sharing by Snapchat
Jessica is Sharing by Snapchat
Jessica is Sharing by Twitter
]]></system-out>
  <system-err><![CDATA[]]></system-err>
</testsuite>
