<?xml version="1.0" encoding="UTF-8"?>
<testsuite name="com.kodilla.patterns.strategy.social.UserTestSuite" tests="2" skipped="0" failures="0" errors="0" timestamp="2020-09-21T13:22:28" hostname="DESKTOP-CD8GBG4" time="0.003">
  <properties/>
  <testcase name="testDefaultSharingStrategies" classname="com.kodilla.patterns.strategy.social.UserTestSuite" time="0.003"/>
  <testcase name="testIndividualSharingStrategy" classname="com.kodilla.patterns.strategy.social.UserTestSuite" time="0.0"/>
  <system-out><![CDATA[Mark is Sharing by Facebook
John is Sharing by Twitter
Jessica is Sharing by Snapchat
Jessica is Sharing by Snapchat
Jessica is Sharing by Twitter
]]></system-out>
  <system-err><![CDATA[]]></system-err>
</testsuite>
