<?xml version="1.0" encoding="UTF-8"?>
<testsuite name="com.kodilla.patterns.prototype.BoardTestSuite" tests="1" skipped="0" failures="0" errors="0" timestamp="2020-09-07T13:18:12" hostname="DESKTOP-CD8GBG4" time="0.015">
  <properties/>
  <testcase name="testToString" classname="com.kodilla.patterns.prototype.BoardTestSuite" time="0.015"/>
  <system-out><![CDATA[Board [Project number 1]    List [Done Tasks]
      Task [Done Task Number1]
      Task [Done Task Number2]
      Task [Done Task Number3]
      Task [Done Task Number4]
      Task [Done Task Number5]
      Task [Done Task Number6]
      Task [Done Task Number7]
      Task [Done Task Number8]
      Task [Done Task Number9]
      Task [Done Task Number10]
    List [In Progress Tasks]
      Task [In Progress Task number1]
      Task [In Progress Task number2]
      Task [In Progress Task number3]
      Task [In Progress Task number4]
      Task [In Progress Task number5]
      Task [In Progress Task number6]
      Task [In Progress Task number7]
      Task [In Progress Task number8]
      Task [In Progress Task number9]
      Task [In Progress Task number10]
    List [To Do Tasks]
      Task [To Do Task number1]
      Task [To Do Task number2]
      Task [To Do Task number3]
      Task [To Do Task number4]
      Task [To Do Task number5]
      Task [To Do Task number6]
      Task [To Do Task number7]
      Task [To Do Task number8]
      Task [To Do Task number9]
      Task [To Do Task number10]

Board [Project number 1]    List [Done Tasks]
      Task [Done Task Number1]
      Task [Done Task Number2]
      Task [Done Task Number3]
      Task [Done Task Number4]
      Task [Done Task Number5]
      Task [Done Task Number6]
      Task [Done Task Number7]
      Task [Done Task Number8]
      Task [Done Task Number9]
      Task [Done Task Number10]
    List [In Progress Tasks]
      Task [In Progress Task number1]
      Task [In Progress Task number2]
      Task [In Progress Task number3]
      Task [In Progress Task number4]
      Task [In Progress Task number5]
      Task [In Progress Task number6]
      Task [In Progress Task number7]
      Task [In Progress Task number8]
      Task [In Progress Task number9]
      Task [In Progress Task number10]

Board [Project number 2]    List [Done Tasks]
      Task [Done Task Number1]
      Task [Done Task Number2]
      Task [Done Task Number3]
      Task [Done Task Number4]
      Task [Done Task Number5]
      Task [Done Task Number6]
      Task [Done Task Number7]
      Task [Done Task Number8]
      Task [Done Task Number9]
      Task [Done Task Number10]
    List [In Progress Tasks]
      Task [In Progress Task number1]
      Task [In Progress Task number2]
      Task [In Progress Task number3]
      Task [In Progress Task number4]
      Task [In Progress Task number5]
      Task [In Progress Task number6]
      Task [In Progress Task number7]
      Task [In Progress Task number8]
      Task [In Progress Task number9]
      Task [In Progress Task number10]

Board [Project number 3]    List [In Progress Tasks]
      Task [In Progress Task number1]
      Task [In Progress Task number2]
      Task [In Progress Task number3]
      Task [In Progress Task number4]
      Task [In Progress Task number5]
      Task [In Progress Task number6]
      Task [In Progress Task number7]
      Task [In Progress Task number8]
      Task [In Progress Task number9]
      Task [In Progress Task number10]
    List [Done Tasks]
      Task [Done Task Number1]
      Task [Done Task Number2]
      Task [Done Task Number3]
      Task [Done Task Number4]
      Task [Done Task Number5]
      Task [Done Task Number6]
      Task [Done Task Number7]
      Task [Done Task Number8]
      Task [Done Task Number9]
      Task [Done Task Number10]
    List [To Do Tasks]
      Task [To Do Task number1]
      Task [To Do Task number2]
      Task [To Do Task number3]
      Task [To Do Task number4]
      Task [To Do Task number5]
      Task [To Do Task number6]
      Task [To Do Task number7]
      Task [To Do Task number8]
      Task [To Do Task number9]
      Task [To Do Task number10]

]]></system-out>
  <system-err><![CDATA[]]></system-err>
</testsuite>
