<?xml version="1.0" encoding="UTF-8"?>
<testsuite name="com.kodilla.patterns.builder.bigmac.BicMacTestSuite" tests="1" skipped="0" failures="0" errors="0" timestamp="2020-08-30T17:31:47" hostname="DESKTOP-CD8GBG4" time="0.006">
  <properties/>
  <testcase name="testBigMacBuilder" classname="com.kodilla.patterns.builder.bigmac.BicMacTestSuite" time="0.006"/>
  <system-out><![CDATA[BigMac{roll='SESAME', burgers=2, sauce='THOUSAND_ISLANDS', ingredients=[CHEESE, ONION, BACON]}
]]></system-out>
  <system-err><![CDATA[]]></system-err>
</testsuite>
