<?xml version="1.0" encoding="UTF-8"?>
<testsuite name="com.kodilla.patterns.LoggerTestSuite" tests="1" skipped="0" failures="0" errors="0" timestamp="2020-09-07T13:18:12" hostname="DESKTOP-CD8GBG4" time="0.0">
  <properties/>
  <testcase name="testGetLastLog" classname="com.kodilla.patterns.LoggerTestSuite" time="0.0"/>
  <system-out><![CDATA[Log: [John]
Logged: John
]]></system-out>
  <system-err><![CDATA[]]></system-err>
</testsuite>
