<?xml version="1.0" encoding="UTF-8"?>
<testsuite name="DrawerTestSiute" tests="1" skipped="0" failures="0" errors="0" timestamp="2020-08-03T17:47:25" hostname="DESKTOP-CD8GBG4" time="0.005">
  <properties/>
  <testcase name="testDrawingWithCircle" classname="DrawerTestSiute" time="0.005"/>
  <system-out><![CDATA[This is a circle
]]></system-out>
  <system-err><![CDATA[]]></system-err>
</testsuite>
